build/app/intermediates/manifest_merge_blame_file/release/manifest-merger-blame-release-report.txt
1<?xml version="1.0" encoding="utf-8"?>
2<manifest xmlns:android="http://schemas.android.com/apk/res/android"
3    package="com.dashdash.fitnessapp"
4    android:versionCode="1"
5    android:versionName="1.0.0" >
6
7    <uses-sdk
8        android:minSdkVersion="21"
8-->src\main\AndroidManifest.xml
9        android:targetSdkVersion="28" />
9-->src\main\AndroidManifest.xml
10
11    <uses-permission android:name="android.permission.CAMERA" />
11-->[:camera] AndroidManifest.xml:7:5-65
11-->[:camera] AndroidManifest.xml:7:22-62
12    <uses-permission android:name="android.permission.RECORD_AUDIO" /> <!-- Although the *SdkVersion is captured in gradle build files, this is required for non gradle builds -->
12-->[:camera] AndroidManifest.xml:8:5-71
12-->[:camera] AndroidManifest.xml:8:22-68
13    <!-- <uses-sdk android:minSdkVersion="14" /> -->
14    <uses-permission android:name="android.permission.ACCESS_NETWORK_STATE" />
14-->[com.google.firebase:firebase-firestore:21.3.0] AndroidManifest.xml:13:5-79
14-->[com.google.firebase:firebase-firestore:21.3.0] AndroidManifest.xml:13:22-76
15    <uses-permission android:name="android.permission.INTERNET" />
15-->[com.google.firebase:firebase-firestore:21.3.0] AndroidManifest.xml:14:5-67
15-->[com.google.firebase:firebase-firestore:21.3.0] AndroidManifest.xml:14:22-64
16    <!--
17 io.flutter.app.FlutterApplication is an android.app.Application that
18         calls FlutterMain.startInitialization(this); in its onCreate method.
19         In most cases you can leave this as-is, but you if you want to provide
20         additional functionality it is fine to subclass or reimplement
21         FlutterApplication and put your custom class here.
22    -->
23    <application
23-->src\main\AndroidManifest.xml:8:5-29:19
24        android:name="io.flutter.app.FlutterApplication"
24-->src\main\AndroidManifest.xml:9:9-57
25        android:appComponentFactory="androidx.core.app.CoreComponentFactory"
25-->[androidx.core:core:1.1.0] AndroidManifest.xml:24:18-86
26        android:icon="@mipmap/ic_launcher"
26-->src\main\AndroidManifest.xml:11:9-43
27        android:label="fitnessapp" >
27-->src\main\AndroidManifest.xml:10:9-35
28        <activity
28-->src\main\AndroidManifest.xml:12:9-23:20
29            android:name="com.dashdash.fitnessapp.MainActivity"
29-->src\main\AndroidManifest.xml:13:13-41
30            android:configChanges="orientation|keyboardHidden|keyboard|screenSize|smallestScreenSize|locale|layoutDirection|fontScale|screenLayout|density|uiMode"
30-->src\main\AndroidManifest.xml:16:13-163
31            android:hardwareAccelerated="true"
31-->src\main\AndroidManifest.xml:17:13-47
32            android:launchMode="singleTop"
32-->src\main\AndroidManifest.xml:14:13-43
33            android:theme="@style/LaunchTheme"
33-->src\main\AndroidManifest.xml:15:13-47
34            android:windowSoftInputMode="adjustResize" >
34-->src\main\AndroidManifest.xml:18:13-55
35            <intent-filter>
35-->src\main\AndroidManifest.xml:19:13-22:29
36                <action android:name="android.intent.action.MAIN" />
36-->src\main\AndroidManifest.xml:20:17-68
36-->src\main\AndroidManifest.xml:20:25-66
37
38                <category android:name="android.intent.category.LAUNCHER" />
38-->src\main\AndroidManifest.xml:21:17-76
38-->src\main\AndroidManifest.xml:21:27-74
39            </intent-filter>
40        </activity>
41        <!--
42             Don't delete the meta-data below.
43             This is used by the Flutter tool to generate GeneratedPluginRegistrant.java
44        -->
45        <meta-data
45-->src\main\AndroidManifest.xml:26:9-28:33
46            android:name="flutterEmbedding"
46-->src\main\AndroidManifest.xml:27:13-44
47            android:value="2" />
47-->src\main\AndroidManifest.xml:28:13-30
48
49        <service
49-->[:firebase_auth] AndroidManifest.xml:8:9-12:19
50            android:name="com.google.firebase.components.ComponentDiscoveryService"
50-->[:firebase_auth] AndroidManifest.xml:8:18-89
51            android:directBootAware="true"
51-->[com.google.firebase:firebase-common:19.3.0] AndroidManifest.xml:34:13-43
52            android:exported="false" >
52-->[com.google.firebase:firebase-firestore:21.3.0] AndroidManifest.xml:19:13-37
53            <meta-data
53-->[:firebase_auth] AndroidManifest.xml:9:13-11:85
54                android:name="com.google.firebase.components:io.flutter.plugins.firebaseauth.FlutterFirebaseAppRegistrar"
54-->[:firebase_auth] AndroidManifest.xml:10:17-122
55                android:value="com.google.firebase.components.ComponentRegistrar" />
55-->[:firebase_auth] AndroidManifest.xml:11:17-82
56            <meta-data
56-->[:cloud_firestore] AndroidManifest.xml:9:13-11:85
57                android:name="com.google.firebase.components:io.flutter.plugins.firebase.cloudfirestore.FlutterFirebaseAppRegistrar"
57-->[:cloud_firestore] AndroidManifest.xml:10:17-133
58                android:value="com.google.firebase.components.ComponentRegistrar" />
58-->[:cloud_firestore] AndroidManifest.xml:11:17-82
59            <meta-data
59-->[:firebase_core] AndroidManifest.xml:9:13-11:85
60                android:name="com.google.firebase.components:io.flutter.plugins.firebase.core.FlutterFirebaseAppRegistrar"
60-->[:firebase_core] AndroidManifest.xml:10:17-123
61                android:value="com.google.firebase.components.ComponentRegistrar" />
61-->[:firebase_core] AndroidManifest.xml:11:17-82
62            <meta-data
62-->[com.google.firebase:firebase-firestore:21.3.0] AndroidManifest.xml:20:13-22:85
63                android:name="com.google.firebase.components:com.google.firebase.firestore.FirestoreRegistrar"
63-->[com.google.firebase:firebase-firestore:21.3.0] AndroidManifest.xml:21:17-111
64                android:value="com.google.firebase.components.ComponentRegistrar" />
64-->[com.google.firebase:firebase-firestore:21.3.0] AndroidManifest.xml:22:17-82
65            <meta-data
65-->[com.google.firebase:firebase-auth:19.2.0] AndroidManifest.xml:36:13-38:85
66                android:name="com.google.firebase.components:com.google.firebase.auth.FirebaseAuthRegistrar"
66-->[com.google.firebase:firebase-auth:19.2.0] AndroidManifest.xml:37:17-109
67                android:value="com.google.firebase.components.ComponentRegistrar" />
67-->[com.google.firebase:firebase-auth:19.2.0] AndroidManifest.xml:38:17-82
68        </service>
69
70        <activity
70-->[com.google.firebase:firebase-auth:19.2.0] AndroidManifest.xml:24:9-31:50
71            android:name="com.google.firebase.auth.internal.FederatedSignInActivity"
71-->[com.google.firebase:firebase-auth:19.2.0] AndroidManifest.xml:25:13-85
72            android:excludeFromRecents="true"
72-->[com.google.firebase:firebase-auth:19.2.0] AndroidManifest.xml:26:13-46
73            android:exported="true"
73-->[com.google.firebase:firebase-auth:19.2.0] AndroidManifest.xml:27:13-36
74            android:launchMode="singleTask"
74-->[com.google.firebase:firebase-auth:19.2.0] AndroidManifest.xml:28:13-44
75            android:permission="com.google.firebase.auth.api.gms.permission.LAUNCH_FEDERATED_SIGN_IN"
75-->[com.google.firebase:firebase-auth:19.2.0] AndroidManifest.xml:29:13-102
76            android:theme="@android:style/Theme.Translucent.NoTitleBar" />
76-->[com.google.firebase:firebase-auth:19.2.0] AndroidManifest.xml:30:13-72
77
78        <provider
78-->[com.google.firebase:firebase-common:19.3.0] AndroidManifest.xml:26:9-30:39
79            android:name="com.google.firebase.provider.FirebaseInitProvider"
79-->[com.google.firebase:firebase-common:19.3.0] AndroidManifest.xml:27:13-77
80            android:authorities="com.dashdash.fitnessapp.firebaseinitprovider"
80-->[com.google.firebase:firebase-common:19.3.0] AndroidManifest.xml:28:13-72
81            android:exported="false"
81-->[com.google.firebase:firebase-common:19.3.0] AndroidManifest.xml:29:13-37
82            android:initOrder="100" />
82-->[com.google.firebase:firebase-common:19.3.0] AndroidManifest.xml:30:13-36
83
84        <activity
84-->[com.google.android.gms:play-services-base:17.1.0] AndroidManifest.xml:23:9-26:75
85            android:name="com.google.android.gms.common.api.GoogleApiActivity"
85-->[com.google.android.gms:play-services-base:17.1.0] AndroidManifest.xml:24:13-79
86            android:exported="false"
86-->[com.google.android.gms:play-services-base:17.1.0] AndroidManifest.xml:25:13-37
87            android:theme="@android:style/Theme.Translucent.NoTitleBar" />
87-->[com.google.android.gms:play-services-base:17.1.0] AndroidManifest.xml:26:13-72
88
89        <meta-data
89-->[com.google.android.gms:play-services-basement:17.0.0] AndroidManifest.xml:23:9-25:69
90            android:name="com.google.android.gms.version"
90-->[com.google.android.gms:play-services-basement:17.0.0] AndroidManifest.xml:24:13-58
91            android:value="@integer/google_play_services_version" />
91-->[com.google.android.gms:play-services-basement:17.0.0] AndroidManifest.xml:25:13-66
92    </application>
93
94</manifest>